0 info it worked if it ends with ok
1 verbose cli [ '/usr/local/bin/node', '/usr/local/bin/npm', 'run', 'dist' ]
2 info using npm@3.10.10
3 info using node@v6.11.5
4 verbose run-script [ 'predist', 'dist', 'postdist' ]
5 info lifecycle snake.js@0.0.1~predist: snake.js@0.0.1
6 silly lifecycle snake.js@0.0.1~predist: no script for predist, continuing
7 info lifecycle snake.js@0.0.1~dist: snake.js@0.0.1
8 verbose lifecycle snake.js@0.0.1~dist: unsafe-perm in lifecycle true
9 verbose lifecycle snake.js@0.0.1~dist: PATH: /usr/local/lib/node_modules/npm/bin/node-gyp-bin:/home/deluxe/Code/snake/node_modules/.bin:/home/deluxe/bin:/home/deluxe/.local/bin:/home/deluxe/bin:/home/deluxe/.local/bin:/usr/local/sbin:/usr/local/bin:/usr/sbin:/usr/bin:/sbin:/bin:/usr/games:/usr/local/games:/snap/bin
10 verbose lifecycle snake.js@0.0.1~dist: CWD: /home/deluxe/Code/snake
11 silly lifecycle snake.js@0.0.1~dist: Args: [ '-c', 'build' ]
12 silly lifecycle snake.js@0.0.1~dist: Returned: code: 1  signal: null
13 info lifecycle snake.js@0.0.1~dist: Failed to exec dist script
14 verbose stack Error: snake.js@0.0.1 dist: `build`
14 verbose stack Exit status 1
14 verbose stack     at EventEmitter.<anonymous> (/usr/local/lib/node_modules/npm/lib/utils/lifecycle.js:255:16)
14 verbose stack     at emitTwo (events.js:106:13)
14 verbose stack     at EventEmitter.emit (events.js:191:7)
14 verbose stack     at ChildProcess.<anonymous> (/usr/local/lib/node_modules/npm/lib/utils/spawn.js:40:14)
14 verbose stack     at emitTwo (events.js:106:13)
14 verbose stack     at ChildProcess.emit (events.js:191:7)
14 verbose stack     at maybeClose (internal/child_process.js:920:16)
14 verbose stack     at Process.ChildProcess._handle.onexit (internal/child_process.js:230:5)
15 verbose pkgid snake.js@0.0.1
16 verbose cwd /home/deluxe/Code/snake/build
17 error Linux 4.10.0-42-generic
18 error argv "/usr/local/bin/node" "/usr/local/bin/npm" "run" "dist"
19 error node v6.11.5
20 error npm  v3.10.10
21 error code ELIFECYCLE
22 error snake.js@0.0.1 dist: `build`
22 error Exit status 1
23 error Failed at the snake.js@0.0.1 dist script 'build'.
23 error Make sure you have the latest version of node.js and npm installed.
23 error If you do, this is most likely a problem with the snake.js package,
23 error not with npm itself.
23 error Tell the author that this fails on your system:
23 error     build
23 error You can get information on how to open an issue for this project with:
23 error     npm bugs snake.js
23 error Or if that isn't available, you can get their info via:
23 error     npm owner ls snake.js
23 error There is likely additional logging output above.
24 verbose exit [ 1, true ]
